This is pdfTeXk, Version 3.141592-1.40.3 (Web2C 7.5.6) (format=pdflatex 2013.9.5)  1 NOV 2013 16:36
entering extended mode
 %&-line parsing enabled.
**paper
(./paper.tex
LaTeX2e <2005/12/01>
Babel <v3.8h> and hyphenation patterns for english, usenglishmax, dumylang, noh
yphenation, arabic, basque, bulgarian, coptic, welsh, czech, slovak, german, ng
erman, danish, esperanto, spanish, catalan, galician, estonian, farsi, finnish,
 french, greek, monogreek, ancientgreek, croatian, hungarian, interlingua, ibyc
us, indonesian, icelandic, italian, latin, mongolian, dutch, norsk, polish, por
tuguese, pinyin, romanian, russian, slovenian, uppersorbian, serbian, swedish, 
turkish, ukenglish, ukrainian, loaded.
(/usr/share/texmf/tex/latex/base/article.cls
Document Class: article 2005/09/16 v1.4f Standard LaTeX document class
(/usr/share/texmf/tex/latex/base/size11.clo
File: size11.clo 2005/09/16 v1.4f Standard LaTeX file (size option)
)
\c@part=\count79
\c@section=\count80
\c@subsection=\count81
\c@subsubsection=\count82
\c@paragraph=\count83
\c@subparagraph=\count84
\c@figure=\count85
\c@table=\count86
\abovecaptionskip=\skip41
\belowcaptionskip=\skip42
\bibindent=\dimen102
) (./newpasp.sty
PASP conference proceedings substyle, v1.6 <19 May 1999>.
\@temptokenb=\toks14
\lecurrentfam=\count87
) (/usr/share/texmf/tex/generic/epsf/epsf.sty
This is `epsf.tex' v2.7.3 <23 July 2005>
\epsffilein=\read1
\epsfframemargin=\dimen103
\epsfframethickness=\dimen104
\epsfrsize=\dimen105
\epsftmp=\dimen106
\epsftsize=\dimen107
\epsfxsize=\dimen108
\epsfysize=\dimen109
\pspoints=\dimen110
) (./paper.aux)
\openout1 = `paper.aux'.

LaTeX Font Info:    Checking defaults for OML/cmm/m/it on input line 9.
LaTeX Font Info:    ... okay on input line 9.
LaTeX Font Info:    Checking defaults for T1/cmr/m/n on input line 9.
LaTeX Font Info:    ... okay on input line 9.
LaTeX Font Info:    Checking defaults for OT1/cmr/m/n on input line 9.
LaTeX Font Info:    ... okay on input line 9.
LaTeX Font Info:    Checking defaults for OMS/cmsy/m/n on input line 9.
LaTeX Font Info:    ... okay on input line 9.
LaTeX Font Info:    Checking defaults for OMX/cmex/m/n on input line 9.
LaTeX Font Info:    ... okay on input line 9.
LaTeX Font Info:    Checking defaults for U/cmr/m/n on input line 9.
LaTeX Font Info:    ... okay on input line 9.
LaTeX Font Info:    External font `cmex10' loaded for size
(Font)              <10.95> on input line 11.
LaTeX Font Info:    External font `cmex10' loaded for size
(Font)              <8> on input line 11.
LaTeX Font Info:    External font `cmex10' loaded for size
(Font)              <6> on input line 11.

Underfull \vbox (badness 10000) has occurred while \output is active []

LaTeX Font Info:    External font `cmex10' loaded for size
(Font)              <9> on input line 69.
LaTeX Font Info:    External font `cmex10' loaded for size
(Font)              <5> on input line 69.
 [1{/usr/share/texmf/fonts/map/pdftex/updmap/pdftex.map}

] [2] [3] [4]
Underfull \vbox (badness 3333) has occurred while \output is active []

 [5]
[6] [7] [8] [9]
Underfull \vbox (badness 2556) has occurred while \output is active []

 [10]
Underfull \vbox (badness 10000) has occurred while \output is active []

 [11]
Underfull \vbox (badness 10000) has occurred while \output is active []

 [12]
[13] [14] (./paper.aux) ) 
Here is how much of TeX's memory you used:
 439 strings out of 256216
 4419 string characters out of 1917073
 54050 words of memory out of 1500000
 3786 multiletter control sequences out of 10000+200000
 9416 words of font info for 33 fonts, out of 1200000 for 2000
 645 hyphenation exceptions out of 8191
 24i,10n,19p,157b,255s stack positions out of 5000i,500n,6000p,200000b,15000s
</usr/share/texmf/fonts/type1/bluesky/cm/cmbx10.pfb></
usr/share/texmf/fonts/type1/bluesky/cm/cmbx12.pfb></usr/share/texmf/fonts/type1
/bluesky/cm/cmex10.pfb></usr/share/texmf/fonts/type1/bluesky/cm/cmmi10.pfb></us
r/share/texmf/fonts/type1/bluesky/cm/cmmi8.pfb></usr/share/texmf/fonts/type1/bl
uesky/cm/cmr10.pfb></usr/share/texmf/fonts/type1/bluesky/cm/cmr8.pfb></usr/shar
e/texmf/fonts/type1/bluesky/cm/cmsl10.pfb></usr/share/texmf/fonts/type1/bluesky
/cm/cmsy10.pfb></usr/share/texmf/fonts/type1/bluesky/cm/cmsy8.pfb></usr/share/t
exmf/fonts/type1/bluesky/cm/cmti10.pfb></usr/share/texmf/fonts/type1/bluesky/cm
/cmti9.pfb></usr/share/texmf/fonts/type1/bluesky/cm/cmtt10.pfb>
Output written on paper.pdf (14 pages, 136902 bytes).
PDF statistics:
 100 PDF objects out of 1000 (max. 8388607)
 0 named destinations out of 1000 (max. 131072)
 1 words of extra memory for PDF output out of 10000 (max. 10000000)

