+ Mon Mar 24 15:45:12 EDT 2014 bin/pandora started
  running case=demo4mg2, atmospheric model=demo4, atomic data=mg2l2
          stats=stats/, opac=opacities/, bin=bin/, atoms=4//, input=4//, output=4//
Warning - 4//demo4mg2.jnu file not found (LU=9)
running on:
Linux menfin 2.6.32-431.3.1.el6.x86_64 #1 SMP Fri Jan 3 21:39:27 UTC 2014 x86_64 x86_64 x86_64 GNU/Linux
input files:
ls: cannot access 4//demo4mg2.jnu: No such file or directory
-rw-r----- 1 sylvain sylvain 41686 Apr 18  2007 4//demo4.mod
-rw-r----- 1 sylvain sylvain    17 Apr 18  2007 4//demo4mg2.res
-rw-r----- 1 sylvain sylvain   975 Apr 18  2007 4//demo4mg2.dat
-rw-r----- 1 sylvain sylvain   682 Apr 18  2007 4//mg2l2.atm
opacity files:
-rw-r--r-- 1 sylvain sylvain        0 Apr 15  2009 opacities/average.dat
-r--r--r-- 1 sylvain sylvain 64155430 Apr 18  2007 opacities/composite.dat
-r--r--r-- 1 sylvain sylvain  1074363 Apr 18  2007 opacities/statistical.dat
+ Mon Mar 24 15:45:20 EDT 2014 bin/pandora.x started
Warning: ieee_invalid is signaling
Warning: ieee_divide_by_zero is signaling
Warning: ieee_underflow is signaling
Warning: ieee_inexact is signaling
PANDORA done
 2014-Mar-24 15:45:20  #                Read input, part 1              
 "Delayed-ABORT" now activated.
 2014-Mar-24 15:45:20  #                Read input, part 2              
 2014-Mar-24 15:45:20  #                Input printing                  
 "Delayed-ABORT" now deactivated.
 2014-Mar-24 15:45:20  #                Populations Initialization      
 2014-Mar-24 15:45:20  #                Precalculations                 
 2014-Mar-24 15:45:20  #                Line Opacities Start-Up         
 2014-Mar-24 15:45:20  #                Continuum Initialization        
 2014-Mar-24 15:45:20  #   1/ 1         Continuum Calculations          
 2014-Mar-24 15:45:20  #   1/ 1         Rates                           
 2014-Mar-24 15:45:20  #   1/ 1         B-ratios Initialization         
 2014-Mar-24 15:45:20  #   1/ 1         Damping Parameter               
 2014-Mar-24 15:45:20  #   1/ 1   1/ 1  Line Source Functions           
 Jnu Trans( 2, 1),   1. Frequ. of  47: 0.0E+00 sec, 0.0E+00 min to go.  (IDEX = 10)
 Jnu Trans( 2, 1),  11. Frequ. of  47: 0.0E+00 sec, 5.5E-04 min to go.             
 Jnu Trans( 2, 1),  21. Frequ. of  47: 0.0E+00 sec, 4.1E-04 min to go.             
 Jnu Trans( 2, 1),  31. Frequ. of  47: 0.0E+00 sec, 1.7E-04 min to go.             
 Jnu Trans( 2, 1),  41. Frequ. of  47: 0.0E+00 sec, 7.3E-05 min to go.             
 Jnu Trans( 2, 1),   1. Frequ. of  47: 0.0E+00 sec, 0.0E+00 min to go.  (IDEX = 10)
 Jnu Trans( 2, 1),  11. Frequ. of  47: 0.0E+00 sec, 5.5E-04 min to go.             
 Jnu Trans( 2, 1),  21. Frequ. of  47: 0.0E+00 sec, 4.1E-04 min to go.             
 Jnu Trans( 2, 1),  31. Frequ. of  47: 0.0E+00 sec, 1.7E-04 min to go.             
 Jnu Trans( 2, 1),  41. Frequ. of  47: 0.0E+00 sec, 7.3E-05 min to go.             
 Jnu Trans( 2, 1),   1. Frequ. of  47: 0.0E+00 sec, 0.0E+00 min to go.  (IDEX = 10)
 Jnu Trans( 2, 1),  11. Frequ. of  47: 0.0E+00 sec, 5.5E-04 min to go.             
 Jnu Trans( 2, 1),  21. Frequ. of  47: 0.0E+00 sec, 2.1E-04 min to go.             
 Jnu Trans( 2, 1),  31. Frequ. of  47: 0.0E+00 sec, 1.7E-04 min to go.             
 Jnu Trans( 2, 1),  41. Frequ. of  47: 1.0E-02 sec, 7.3E-05 min to go.             
 Jnu Trans( 2, 1),   1. Frequ. of  47: 0.0E+00 sec, 0.0E+00 min to go.  (IDEX = 10)
 Jnu Trans( 2, 1),  11. Frequ. of  47: 0.0E+00 sec, 5.5E-04 min to go.             
 Jnu Trans( 2, 1),  21. Frequ. of  47: 0.0E+00 sec, 2.1E-04 min to go.             
 Jnu Trans( 2, 1),  31. Frequ. of  47: 0.0E+00 sec, 1.7E-04 min to go.             
 Jnu Trans( 2, 1),  41. Frequ. of  47: 1.0E-02 sec, 7.3E-05 min to go.             
 2014-Mar-24 15:45:21  #   1/ 1         Number Densities                
 2014-Mar-24 15:45:21  #   1/ 1         Restart Data                    
 2014-Mar-24 15:45:21  #                Line Post-Processing            
 2014-Mar-24 15:45:21  #                Continuum Calculations          
 2014-Mar-24 15:45:21  #                Continuum Summary               
 2014-Mar-24 15:45:21  #                Iterations Summaries            
 2014-Mar-24 15:45:21  #                Line Emission                   
2014-Mar-24 !NONAME! MG2 ; itr   1  1(1); n,nl,nt  34    2    1; sec       1; ela  0:00:01; vrsn 78.018; cpu menfin             
+ Mon Mar 24 15:45:21 EDT 2014 bin/pandora.x completed, exit status=0
rm: cannot remove `4//demo4mg2.tmp.001': No such file or directory
ouput files:
-rw-r----- 1 sylvain sylvain  67803 Mar 24 15:45 4//demo4mg2.jrl.001
-rw-r----- 1 sylvain sylvain 629656 Mar 24 15:45 4//demo4mg2.aaa.001
-rw-r----- 1 sylvain sylvain   3956 Mar 24 15:45 4//demo4mg2.aix.001
-rw-r----- 1 sylvain sylvain  27541 Mar 24 15:45 4//demo4mg2.jnr.001
-rw-r----- 1 sylvain sylvain   6320 Mar 24 15:45 4//demo4mg2.rst.001
-rw-r----- 1 sylvain sylvain   4760 Mar 24 15:45 4//demo4mg2.msc.001
= Mon Mar 24 15:45:21 EDT 2014 done.
