+ Tue Mar 25 11:14:44 EDT 2014 bin/pandora started
  running case=leidhe1, atmospheric model=leid, atomic data=he1l5
          stats=stats/, opac=opacities/, bin=bin/, atoms=atoms/, input=./, output=./
Warning - ./leidhe1.jnu file not found (LU=9)
running on:
Linux menfin 2.6.32-431.3.1.el6.x86_64 #1 SMP Fri Jan 3 21:39:27 UTC 2014 x86_64 x86_64 x86_64 GNU/Linux
input files:
ls: cannot access ./leidhe1.jnu: No such file or directory
-rw-r--r-- 1 sylvain sylvain 225569 Mar 25 11:14 ./leid.mod
-rw-r----- 1 sylvain sylvain   6399 Mar 24 17:01 ./leidhe1.dat
-rw-r----- 1 sylvain sylvain  26418 Jun 21  2013 ./leidhe1.res
-rw-r--r-- 1 sylvain sylvain   3856 Apr 18  2007 atoms/he1l5.atm
opacity files:
-rw-r--r-- 1 sylvain sylvain        0 Apr 15  2009 opacities/average.dat
-r--r--r-- 1 sylvain sylvain 64155430 Apr 18  2007 opacities/composite.dat
-r--r--r-- 1 sylvain sylvain  1074363 Apr 18  2007 opacities/statistical.dat
+ Tue Mar 25 11:14:57 EDT 2014 bin/pandora.x started
Warning: ieee_underflow is signaling
Warning: ieee_inexact is signaling
PANDORA done
 2014-Mar-25 11:14:57  #                Read input, part 1              
 "Delayed-ABORT" now activated.
 2014-Mar-25 11:14:57  #                Read input, part 2              
 2014-Mar-25 11:14:57  #                Input printing                  
 "Delayed-ABORT" now deactivated.
 2014-Mar-25 11:14:57  #                Populations Initialization      
 2014-Mar-25 11:14:57  #                Precalculations                 
 2014-Mar-25 11:14:57  #                Line Opacities Start-Up         
 2014-Mar-25 11:14:58  #                Continuum Initialization        
 2014-Mar-25 11:14:58  #   1/11         Continuum Calculations          
 2014-Mar-25 11:15:21  #   1/11         Rates                           
 2014-Mar-25 11:15:22  #   1/11         Passive Jnu Shuffling           
 2014-Mar-25 11:15:22  #   1/11         B-ratios Initialization         
 2014-Mar-25 11:15:22  #   1/11         Damping Parameter               
 2014-Mar-25 11:15:22  #   1/11   1/ 1  Line Source Functions           
 2014-Mar-25 11:15:23  #   1/11         NE Updating                     
 2014-Mar-25 11:15:23  #   1/11         Number Densities                
 2014-Mar-25 11:15:23  #   1/11         Restart Data                    
 2014-Mar-25 11:15:23  #   2/11         Continuum Calculations          
 2014-Mar-25 11:15:36  #   2/11         Rates                           
 2014-Mar-25 11:15:37  #   2/11         Passive Jnu Shuffling           
 2014-Mar-25 11:15:37  #   2/11         Damping Parameter               
 2014-Mar-25 11:15:37  #   2/11   1/ 1  Line Source Functions           
 2014-Mar-25 11:15:38  #   2/11         NE Updating                     
 2014-Mar-25 11:15:38  #   2/11         Number Densities                
 2014-Mar-25 11:15:38  #   2/11         Restart Data                    
 2014-Mar-25 11:15:38  #   3/11         Continuum Calculations          
 2014-Mar-25 11:15:51  #   3/11         Rates                           
 2014-Mar-25 11:15:51  #   3/11         Passive Jnu Shuffling           
 2014-Mar-25 11:15:51  #   3/11         Damping Parameter               
 2014-Mar-25 11:15:51  #   3/11   1/ 1  Line Source Functions           
 2014-Mar-25 11:15:52  #   3/11         NE Updating                     
 2014-Mar-25 11:15:52  #   3/11         Number Densities                
 2014-Mar-25 11:15:52  #   3/11         Restart Data                    
 2014-Mar-25 11:15:52  #   4/11         Continuum Calculations          
 2014-Mar-25 11:16:05  #   4/11         Rates                           
 2014-Mar-25 11:16:07  #   4/11         Passive Jnu Shuffling           
 2014-Mar-25 11:16:07  #   4/11         Damping Parameter               
 2014-Mar-25 11:16:07  #   4/11   1/ 1  Line Source Functions           
 2014-Mar-25 11:16:07  #   4/11         NE Updating                     
 2014-Mar-25 11:16:07  #   4/11         Number Densities                
 2014-Mar-25 11:16:07  #   4/11         Restart Data                    
 2014-Mar-25 11:16:07  #   5/11         Continuum Calculations          
 2014-Mar-25 11:16:21  #   5/11         Rates                           
 2014-Mar-25 11:16:22  #   5/11         Passive Jnu Shuffling           
 2014-Mar-25 11:16:22  #   5/11         Damping Parameter               
 2014-Mar-25 11:16:22  #   5/11   1/ 1  Line Source Functions           
 2014-Mar-25 11:16:22  #   5/11         NE Updating                     
 2014-Mar-25 11:16:22  #   5/11         Number Densities                
 2014-Mar-25 11:16:22  #   5/11         Restart Data                    
 2014-Mar-25 11:16:22  #   6/11         Continuum Calculations          
 2014-Mar-25 11:16:36  #   6/11         Rates                           
 2014-Mar-25 11:16:37  #   6/11         Passive Jnu Shuffling           
 2014-Mar-25 11:16:37  #   6/11         Damping Parameter               
 2014-Mar-25 11:16:37  #   6/11   1/ 1  Line Source Functions           
 2014-Mar-25 11:16:37  #   6/11         NE Updating                     
 2014-Mar-25 11:16:37  #   6/11         Number Densities                
 2014-Mar-25 11:16:37  #   6/11         Restart Data                    
 2014-Mar-25 11:16:37  #   7/11         Continuum Calculations          
 2014-Mar-25 11:16:51  #   7/11         Rates                           
 2014-Mar-25 11:16:52  #   7/11         Passive Jnu Shuffling           
 2014-Mar-25 11:16:52  #   7/11         Damping Parameter               
 2014-Mar-25 11:16:52  #   7/11   1/ 1  Line Source Functions           
 2014-Mar-25 11:16:53  #   7/11         NE Updating                     
 2014-Mar-25 11:16:53  #   7/11         Number Densities                
 2014-Mar-25 11:16:53  #   7/11         Restart Data                    
 2014-Mar-25 11:16:53  #   8/11         Continuum Calculations          
 2014-Mar-25 11:17:06  #   8/11         Rates                           
 2014-Mar-25 11:17:07  #   8/11         Passive Jnu Shuffling           
 2014-Mar-25 11:17:07  #   8/11         Damping Parameter               
 2014-Mar-25 11:17:07  #   8/11   1/ 1  Line Source Functions           
 2014-Mar-25 11:17:07  #   8/11         NE Updating                     
 2014-Mar-25 11:17:07  #   8/11         Number Densities                
 2014-Mar-25 11:17:07  #   8/11         Restart Data                    
 2014-Mar-25 11:17:07  #   9/11         Continuum Calculations          
 2014-Mar-25 11:17:21  #   9/11         Rates                           
 2014-Mar-25 11:17:22  #   9/11         Passive Jnu Shuffling           
 2014-Mar-25 11:17:22  #   9/11         Damping Parameter               
 2014-Mar-25 11:17:22  #   9/11   1/ 1  Line Source Functions           
 2014-Mar-25 11:17:23  #   9/11         NE Updating                     
 2014-Mar-25 11:17:23  #   9/11         Number Densities                
 2014-Mar-25 11:17:23  #   9/11         Restart Data                    
 2014-Mar-25 11:17:23  #  10/11         Continuum Calculations          
 2014-Mar-25 11:17:36  #  10/11         Rates                           
 2014-Mar-25 11:17:37  #  10/11         Passive Jnu Shuffling           
 2014-Mar-25 11:17:37  #  10/11         Damping Parameter               
 2014-Mar-25 11:17:37  #  10/11   1/ 1  Line Source Functions           
 2014-Mar-25 11:17:37  #  10/11         NE Updating                     
 2014-Mar-25 11:17:37  #  10/11         Number Densities                
 2014-Mar-25 11:17:37  #  10/11         Restart Data                    
 2014-Mar-25 11:17:37  #  11/11         Continuum Calculations          
 2014-Mar-25 11:17:50  #  11/11         Rates                           
 2014-Mar-25 11:17:52  #  11/11         Passive Jnu Shuffling           
 2014-Mar-25 11:17:52  #  11/11         Damping Parameter               
 2014-Mar-25 11:17:52  #  11/11   1/ 1  Line Source Functions           
 2014-Mar-25 11:17:53  #  11/11         NE Updating                     
 2014-Mar-25 11:17:53  #  11/11         Number Densities                
 2014-Mar-25 11:17:53  #  11/11         Restart Data                    
 2014-Mar-25 11:17:53  #                Line Post-Processing            
 2014-Mar-25 11:17:53  #                Continuum Calculations          
 2014-Mar-25 11:17:54  #                Continuum Summary               
 2014-Mar-25 11:17:54  #                Cooling and Heating Rates       
 2014-Mar-25 11:17:54  #                Iterations Summaries            
 2014-Mar-25 11:17:54  #                Spectrum File Start-Up          
 2014-Mar-25 11:17:54  #                Continuum Emission              
 2014-Mar-25 11:17:54  #                Line Emission                   
 2014-Mar-25 11:17:56  #                Contributions Summary           
2014-Mar-25 LEID     HE1 ; itr  11  1(0); n,nl,nt  72    5    3; sec     173; ela  0:02:59; vrsn 78.018; cpu menfin             
+ Tue Mar 25 11:17:56 EDT 2014 bin/pandora.x completed, exit status=0
ouput files:
-rw-r----- 1 sylvain sylvain  357542 Mar 25 11:17 ./leidhe1.jrl.002
-rw-r----- 1 sylvain sylvain 4423894 Mar 25 11:17 ./leidhe1.aaa.002
-rw-r----- 1 sylvain sylvain    6923 Mar 25 11:17 ./leidhe1.aix.002
-rw-r----- 1 sylvain sylvain   26418 Mar 25 11:17 ./leidhe1.rst.002
-rw-r----- 1 sylvain sylvain   23261 Mar 25 11:17 ./leidhe1.msc.002
-rw-r----- 1 sylvain sylvain   33910 Mar 25 11:17 ./leidhe1.pop.002
-rw-r----- 1 sylvain sylvain 2354908 Mar 25 11:17 ./leidhe1.spc.002
= Tue Mar 25 11:17:56 EDT 2014 done.
