+ Tue Mar 25 11:17:56 EDT 2014 bin/pandora started
  running case=leidca2, atmospheric model=leid, atomic data=ca2l5
          stats=stats/, opac=opacities/, bin=bin/, atoms=atoms/, input=./, output=./
running on:
Linux menfin 2.6.32-431.3.1.el6.x86_64 #1 SMP Fri Jan 3 21:39:27 UTC 2014 x86_64 x86_64 x86_64 GNU/Linux
input files:
-rw-r--r-- 1 sylvain sylvain 225601 Mar 25 11:17 ./leid.mod
-rw-r----- 1 sylvain sylvain   2929 Mar 24 17:01 ./leidca2.dat
-rw-r----- 1 sylvain sylvain      0 Oct 23 11:45 ./leidca2.jnu
-rw-r----- 1 sylvain sylvain  44988 Apr 13  2013 ./leidca2.res
-rw-r--r-- 1 sylvain sylvain   3086 Apr 18  2007 atoms/ca2l5.atm
opacity files:
-rw-r--r-- 1 sylvain sylvain        0 Apr 15  2009 opacities/average.dat
-r--r--r-- 1 sylvain sylvain 64155430 Apr 18  2007 opacities/composite.dat
-r--r--r-- 1 sylvain sylvain  1074363 Apr 18  2007 opacities/statistical.dat
+ Tue Mar 25 11:18:11 EDT 2014 bin/pandora.x started
Warning: ieee_underflow is signaling
Warning: ieee_inexact is signaling
PANDORA done
 2014-Mar-25 11:18:11  #                Read input, part 1              
 "Delayed-ABORT" now activated.
 2014-Mar-25 11:18:11  #                Read input, part 2              
 2014-Mar-25 11:18:11  #                Input printing                  
 "Delayed-ABORT" now deactivated.
 2014-Mar-25 11:18:11  #                Populations Initialization      
 2014-Mar-25 11:18:11  #                Precalculations                 
 2014-Mar-25 11:18:11  #                Line Opacities Start-Up         
 2014-Mar-25 11:18:12  #                Continuum Initialization        
 2014-Mar-25 11:18:12  #   1/11         Continuum Calculations          
 2014-Mar-25 11:18:59  #   1/11         Rates                           
 2014-Mar-25 11:19:01  #   1/11         B-ratios Initialization         
 2014-Mar-25 11:19:01  #   1/11         Damping Parameter               
 2014-Mar-25 11:19:01  #   1/11   1/ 1  Line Source Functions           
 LSF Trans( 4, 1),   1. Frequ. of  77: 6.0E-02 sec, 7.6E-02 min to go.  (IDEX = 10)
 LSF Trans( 4, 1),  11. Frequ. of  77: 7.0E-02 sec, 7.1E-02 min to go.             
 LSF Trans( 4, 1),  21. Frequ. of  77: 6.0E-02 sec, 6.0E-02 min to go.             
 LSF Trans( 4, 1),  31. Frequ. of  77: 7.0E-02 sec, 4.9E-02 min to go.             
 LSF Trans( 4, 1),  41. Frequ. of  77: 7.0E-02 sec, 3.9E-02 min to go.             
 LSF Trans( 4, 1),  51. Frequ. of  77: 7.0E-02 sec, 2.8E-02 min to go.             
 LSF Trans( 4, 1),  61. Frequ. of  77: 7.0E-02 sec, 1.7E-02 min to go.             
 LSF Trans( 4, 1),  71. Frequ. of  77: 7.0E-02 sec, 6.5E-03 min to go.             
 LSF Trans( 4, 2),   1. Frequ. of  79: 6.0E-02 sec, 7.8E-02 min to go.  (IDEX = 10)
 LSF Trans( 4, 2),  11. Frequ. of  79: 6.0E-02 sec, 7.3E-02 min to go.             
 LSF Trans( 4, 2),  21. Frequ. of  79: 6.0E-02 sec, 6.3E-02 min to go.             
 LSF Trans( 4, 2),  31. Frequ. of  79: 6.0E-02 sec, 5.2E-02 min to go.             
 LSF Trans( 4, 2),  41. Frequ. of  79: 7.0E-02 sec, 4.1E-02 min to go.             
 LSF Trans( 4, 2),  51. Frequ. of  79: 6.0E-02 sec, 3.0E-02 min to go.             
 LSF Trans( 4, 2),  61. Frequ. of  79: 7.0E-02 sec, 1.9E-02 min to go.             
 LSF Trans( 4, 2),  71. Frequ. of  79: 6.0E-02 sec, 8.6E-03 min to go.             
 LSF Trans( 5, 1),   1. Frequ. of  77: 7.0E-02 sec, 8.9E-02 min to go.  (IDEX = 10)
 LSF Trans( 5, 1),  11. Frequ. of  77: 7.0E-02 sec, 7.2E-02 min to go.             
 LSF Trans( 5, 1),  21. Frequ. of  77: 6.0E-02 sec, 6.0E-02 min to go.             
 LSF Trans( 5, 1),  31. Frequ. of  77: 6.0E-02 sec, 5.0E-02 min to go.             
 LSF Trans( 5, 1),  41. Frequ. of  77: 7.0E-02 sec, 3.9E-02 min to go.             
 LSF Trans( 5, 1),  51. Frequ. of  77: 7.0E-02 sec, 2.8E-02 min to go.             
 LSF Trans( 5, 1),  61. Frequ. of  77: 6.0E-02 sec, 1.7E-02 min to go.             
 LSF Trans( 5, 1),  71. Frequ. of  77: 7.0E-02 sec, 6.5E-03 min to go.             
 LSF Trans( 5, 2),   1. Frequ. of  77: 7.0E-02 sec, 8.9E-02 min to go.  (IDEX = 10)
 LSF Trans( 5, 2),  11. Frequ. of  77: 7.0E-02 sec, 7.2E-02 min to go.             
 LSF Trans( 5, 2),  21. Frequ. of  77: 6.0E-02 sec, 6.1E-02 min to go.             
 LSF Trans( 5, 2),  31. Frequ. of  77: 6.0E-02 sec, 5.0E-02 min to go.             
 LSF Trans( 5, 2),  41. Frequ. of  77: 7.0E-02 sec, 3.9E-02 min to go.             
 LSF Trans( 5, 2),  51. Frequ. of  77: 7.0E-02 sec, 2.8E-02 min to go.             
 LSF Trans( 5, 2),  61. Frequ. of  77: 7.0E-02 sec, 1.8E-02 min to go.             
 LSF Trans( 5, 2),  71. Frequ. of  77: 6.0E-02 sec, 6.6E-03 min to go.             
 LSF Trans( 5, 3),   1. Frequ. of  77: 7.0E-02 sec, 8.9E-02 min to go.  (IDEX = 10)
 LSF Trans( 5, 3),  11. Frequ. of  77: 6.0E-02 sec, 7.2E-02 min to go.             
 LSF Trans( 5, 3),  21. Frequ. of  77: 6.0E-02 sec, 6.1E-02 min to go.             
 LSF Trans( 5, 3),  31. Frequ. of  77: 6.0E-02 sec, 5.0E-02 min to go.             
 LSF Trans( 5, 3),  41. Frequ. of  77: 6.0E-02 sec, 3.9E-02 min to go.             
 LSF Trans( 5, 3),  51. Frequ. of  77: 7.0E-02 sec, 2.8E-02 min to go.             
 LSF Trans( 5, 3),  61. Frequ. of  77: 6.0E-02 sec, 1.7E-02 min to go.             
 LSF Trans( 5, 3),  71. Frequ. of  77: 7.0E-02 sec, 6.5E-03 min to go.             
 2014-Mar-25 11:19:30  #   1/11         Number Densities                
 2014-Mar-25 11:19:30  #   1/11         Restart Data                    
 2014-Mar-25 11:19:30  #   2/11         Damping Parameter               
 2014-Mar-25 11:19:30  #   2/11   1/ 1  Line Source Functions           
 LSF Trans( 4, 1),   1. Frequ. of  77: 7.0E-02 sec, 8.9E-02 min to go.  (IDEX = 10)
 LSF Trans( 4, 1),  11. Frequ. of  77: 7.0E-02 sec, 7.2E-02 min to go.             
 LSF Trans( 4, 1),  21. Frequ. of  77: 7.0E-02 sec, 6.1E-02 min to go.             
 LSF Trans( 4, 1),  31. Frequ. of  77: 6.0E-02 sec, 5.0E-02 min to go.             
 LSF Trans( 4, 1),  41. Frequ. of  77: 6.0E-02 sec, 3.9E-02 min to go.             
 LSF Trans( 4, 1),  51. Frequ. of  77: 7.0E-02 sec, 2.8E-02 min to go.             
 LSF Trans( 4, 1),  61. Frequ. of  77: 7.0E-02 sec, 1.7E-02 min to go.             
 LSF Trans( 4, 1),  71. Frequ. of  77: 6.0E-02 sec, 6.5E-03 min to go.             
 LSF Trans( 4, 2),   1. Frequ. of  79: 7.0E-02 sec, 9.1E-02 min to go.  (IDEX = 10)
 LSF Trans( 4, 2),  11. Frequ. of  79: 6.0E-02 sec, 7.4E-02 min to go.             
 LSF Trans( 4, 2),  21. Frequ. of  79: 7.0E-02 sec, 6.4E-02 min to go.             
 LSF Trans( 4, 2),  31. Frequ. of  79: 6.0E-02 sec, 5.2E-02 min to go.             
 LSF Trans( 4, 2),  41. Frequ. of  79: 6.0E-02 sec, 4.1E-02 min to go.             
 LSF Trans( 4, 2),  51. Frequ. of  79: 6.0E-02 sec, 3.0E-02 min to go.             
 LSF Trans( 4, 2),  61. Frequ. of  79: 7.0E-02 sec, 1.9E-02 min to go.             
 LSF Trans( 4, 2),  71. Frequ. of  79: 7.0E-02 sec, 8.7E-03 min to go.             
 LSF Trans( 5, 1),   1. Frequ. of  77: 6.0E-02 sec, 7.6E-02 min to go.  (IDEX = 10)
 LSF Trans( 5, 1),  11. Frequ. of  77: 6.0E-02 sec, 7.1E-02 min to go.             
 LSF Trans( 5, 1),  21. Frequ. of  77: 7.0E-02 sec, 6.0E-02 min to go.             
 LSF Trans( 5, 1),  31. Frequ. of  77: 7.0E-02 sec, 4.9E-02 min to go.             
 LSF Trans( 5, 1),  41. Frequ. of  77: 6.0E-02 sec, 3.9E-02 min to go.             
 LSF Trans( 5, 1),  51. Frequ. of  77: 7.0E-02 sec, 2.8E-02 min to go.             
 LSF Trans( 5, 1),  61. Frequ. of  77: 7.0E-02 sec, 1.7E-02 min to go.             
 LSF Trans( 5, 1),  71. Frequ. of  77: 7.0E-02 sec, 6.5E-03 min to go.             
 LSF Trans( 5, 2),   1. Frequ. of  77: 6.0E-02 sec, 7.6E-02 min to go.  (IDEX = 10)
 LSF Trans( 5, 2),  11. Frequ. of  77: 6.0E-02 sec, 7.1E-02 min to go.             
 LSF Trans( 5, 2),  21. Frequ. of  77: 6.0E-02 sec, 6.0E-02 min to go.             
 LSF Trans( 5, 2),  31. Frequ. of  77: 6.0E-02 sec, 5.0E-02 min to go.             
 LSF Trans( 5, 2),  41. Frequ. of  77: 6.0E-02 sec, 3.9E-02 min to go.             
 LSF Trans( 5, 2),  51. Frequ. of  77: 7.0E-02 sec, 2.8E-02 min to go.             
 LSF Trans( 5, 2),  61. Frequ. of  77: 6.0E-02 sec, 1.7E-02 min to go.             
 LSF Trans( 5, 2),  71. Frequ. of  77: 7.0E-02 sec, 6.5E-03 min to go.             
 LSF Trans( 5, 3),   1. Frequ. of  77: 6.0E-02 sec, 7.6E-02 min to go.  (IDEX = 10)
 LSF Trans( 5, 3),  11. Frequ. of  77: 6.0E-02 sec, 7.1E-02 min to go.             
 LSF Trans( 5, 3),  21. Frequ. of  77: 6.0E-02 sec, 6.0E-02 min to go.             
 LSF Trans( 5, 3),  31. Frequ. of  77: 6.0E-02 sec, 5.0E-02 min to go.             
 LSF Trans( 5, 3),  41. Frequ. of  77: 6.0E-02 sec, 3.9E-02 min to go.             
 LSF Trans( 5, 3),  51. Frequ. of  77: 7.0E-02 sec, 2.8E-02 min to go.             
 LSF Trans( 5, 3),  61. Frequ. of  77: 7.0E-02 sec, 1.7E-02 min to go.             
 LSF Trans( 5, 3),  71. Frequ. of  77: 7.0E-02 sec, 6.5E-03 min to go.             
 2014-Mar-25 11:19:58  #   2/11         Number Densities                
 2014-Mar-25 11:19:58  #   2/11         Restart Data                    
 2014-Mar-25 11:19:58  #   3/11         Damping Parameter               
 2014-Mar-25 11:19:58  #   3/11   1/ 1  Line Source Functions           
 LSF Trans( 4, 1),   1. Frequ. of  77: 7.0E-02 sec, 8.9E-02 min to go.  (IDEX = 10)
 LSF Trans( 4, 1),  11. Frequ. of  77: 6.0E-02 sec, 7.1E-02 min to go.             
 LSF Trans( 4, 1),  21. Frequ. of  77: 7.0E-02 sec, 6.0E-02 min to go.             
 LSF Trans( 4, 1),  31. Frequ. of  77: 6.0E-02 sec, 4.9E-02 min to go.             
 LSF Trans( 4, 1),  41. Frequ. of  77: 6.0E-02 sec, 3.9E-02 min to go.             
 LSF Trans( 4, 1),  51. Frequ. of  77: 6.0E-02 sec, 2.8E-02 min to go.             
 LSF Trans( 4, 1),  61. Frequ. of  77: 7.0E-02 sec, 1.7E-02 min to go.             
 LSF Trans( 4, 1),  71. Frequ. of  77: 7.0E-02 sec, 6.5E-03 min to go.             
 LSF Trans( 4, 2),   1. Frequ. of  79: 6.0E-02 sec, 7.8E-02 min to go.  (IDEX = 10)
 LSF Trans( 4, 2),  11. Frequ. of  79: 7.0E-02 sec, 7.3E-02 min to go.             
 LSF Trans( 4, 2),  21. Frequ. of  79: 7.0E-02 sec, 6.3E-02 min to go.             
 LSF Trans( 4, 2),  31. Frequ. of  79: 6.0E-02 sec, 5.2E-02 min to go.             
 LSF Trans( 4, 2),  41. Frequ. of  79: 6.0E-02 sec, 4.1E-02 min to go.             
 LSF Trans( 4, 2),  51. Frequ. of  79: 6.0E-02 sec, 3.0E-02 min to go.             
 LSF Trans( 4, 2),  61. Frequ. of  79: 6.0E-02 sec, 1.9E-02 min to go.             
 LSF Trans( 4, 2),  71. Frequ. of  79: 7.0E-02 sec, 8.6E-03 min to go.             
 LSF Trans( 5, 1),   1. Frequ. of  77: 6.0E-02 sec, 7.6E-02 min to go.  (IDEX = 10)
 LSF Trans( 5, 1),  11. Frequ. of  77: 6.0E-02 sec, 7.0E-02 min to go.             
 LSF Trans( 5, 1),  21. Frequ. of  77: 7.0E-02 sec, 6.0E-02 min to go.             
 LSF Trans( 5, 1),  31. Frequ. of  77: 7.0E-02 sec, 4.9E-02 min to go.             
 LSF Trans( 5, 1),  41. Frequ. of  77: 7.0E-02 sec, 3.8E-02 min to go.             
 LSF Trans( 5, 1),  51. Frequ. of  77: 7.0E-02 sec, 2.8E-02 min to go.             
 LSF Trans( 5, 1),  61. Frequ. of  77: 7.0E-02 sec, 1.7E-02 min to go.             
 LSF Trans( 5, 1),  71. Frequ. of  77: 6.0E-02 sec, 6.4E-03 min to go.             
 LSF Trans( 5, 2),   1. Frequ. of  77: 7.0E-02 sec, 8.9E-02 min to go.  (IDEX = 10)
 LSF Trans( 5, 2),  11. Frequ. of  77: 7.0E-02 sec, 7.2E-02 min to go.             
 LSF Trans( 5, 2),  21. Frequ. of  77: 7.0E-02 sec, 6.1E-02 min to go.             
 LSF Trans( 5, 2),  31. Frequ. of  77: 7.0E-02 sec, 5.0E-02 min to go.             
 LSF Trans( 5, 2),  41. Frequ. of  77: 7.0E-02 sec, 3.9E-02 min to go.             
 LSF Trans( 5, 2),  51. Frequ. of  77: 7.0E-02 sec, 2.8E-02 min to go.             
 LSF Trans( 5, 2),  61. Frequ. of  77: 7.0E-02 sec, 1.7E-02 min to go.             
 LSF Trans( 5, 2),  71. Frequ. of  77: 6.0E-02 sec, 6.5E-03 min to go.             
 LSF Trans( 5, 3),   1. Frequ. of  77: 7.0E-02 sec, 8.9E-02 min to go.  (IDEX = 10)
 LSF Trans( 5, 3),  11. Frequ. of  77: 6.0E-02 sec, 7.1E-02 min to go.             
 LSF Trans( 5, 3),  21. Frequ. of  77: 7.0E-02 sec, 6.1E-02 min to go.             
 LSF Trans( 5, 3),  31. Frequ. of  77: 6.0E-02 sec, 5.0E-02 min to go.             
 LSF Trans( 5, 3),  41. Frequ. of  77: 7.0E-02 sec, 3.9E-02 min to go.             
 LSF Trans( 5, 3),  51. Frequ. of  77: 6.0E-02 sec, 2.8E-02 min to go.             
 LSF Trans( 5, 3),  61. Frequ. of  77: 6.0E-02 sec, 1.7E-02 min to go.             
 LSF Trans( 5, 3),  71. Frequ. of  77: 6.0E-02 sec, 6.5E-03 min to go.             
 2014-Mar-25 11:20:26  #   3/11         Number Densities                
 2014-Mar-25 11:20:26  #   3/11         Restart Data                    
 2014-Mar-25 11:20:26  #   4/11         Damping Parameter               
 2014-Mar-25 11:20:26  #   4/11   1/ 1  Line Source Functions           
 LSF Trans( 4, 1),   1. Frequ. of  77: 7.0E-02 sec, 8.9E-02 min to go.  (IDEX = 10)
 LSF Trans( 4, 1),  11. Frequ. of  77: 6.0E-02 sec, 7.1E-02 min to go.             
 LSF Trans( 4, 1),  21. Frequ. of  77: 6.0E-02 sec, 6.0E-02 min to go.             
 LSF Trans( 4, 1),  31. Frequ. of  77: 6.0E-02 sec, 4.9E-02 min to go.             
 LSF Trans( 4, 1),  41. Frequ. of  77: 6.0E-02 sec, 3.9E-02 min to go.             
 LSF Trans( 4, 1),  51. Frequ. of  77: 7.0E-02 sec, 2.8E-02 min to go.             
 LSF Trans( 4, 1),  61. Frequ. of  77: 6.0E-02 sec, 1.7E-02 min to go.             
 LSF Trans( 4, 1),  71. Frequ. of  77: 7.0E-02 sec, 6.6E-03 min to go.             
 LSF Trans( 4, 2),   1. Frequ. of  79: 7.0E-02 sec, 9.1E-02 min to go.  (IDEX = 10)
 LSF Trans( 4, 2),  11. Frequ. of  79: 7.0E-02 sec, 7.4E-02 min to go.             
 LSF Trans( 4, 2),  21. Frequ. of  79: 7.0E-02 sec, 6.3E-02 min to go.             
 LSF Trans( 4, 2),  31. Frequ. of  79: 7.0E-02 sec, 5.2E-02 min to go.             
 LSF Trans( 4, 2),  41. Frequ. of  79: 7.0E-02 sec, 4.1E-02 min to go.             
 LSF Trans( 4, 2),  51. Frequ. of  79: 7.0E-02 sec, 3.0E-02 min to go.             
 LSF Trans( 4, 2),  61. Frequ. of  79: 6.0E-02 sec, 1.9E-02 min to go.             
 LSF Trans( 4, 2),  71. Frequ. of  79: 6.0E-02 sec, 8.6E-03 min to go.             
 LSF Trans( 5, 1),   1. Frequ. of  77: 7.0E-02 sec, 8.9E-02 min to go.  (IDEX = 10)
 LSF Trans( 5, 1),  11. Frequ. of  77: 6.0E-02 sec, 7.1E-02 min to go.             
 LSF Trans( 5, 1),  21. Frequ. of  77: 7.0E-02 sec, 6.0E-02 min to go.             
 LSF Trans( 5, 1),  31. Frequ. of  77: 7.0E-02 sec, 4.9E-02 min to go.             
 LSF Trans( 5, 1),  41. Frequ. of  77: 6.0E-02 sec, 3.8E-02 min to go.             
 LSF Trans( 5, 1),  51. Frequ. of  77: 7.0E-02 sec, 2.8E-02 min to go.             
 LSF Trans( 5, 1),  61. Frequ. of  77: 7.0E-02 sec, 1.7E-02 min to go.             
 LSF Trans( 5, 1),  71. Frequ. of  77: 7.0E-02 sec, 6.5E-03 min to go.             
 LSF Trans( 5, 2),   1. Frequ. of  77: 7.0E-02 sec, 8.9E-02 min to go.  (IDEX = 10)
 LSF Trans( 5, 2),  11. Frequ. of  77: 7.0E-02 sec, 7.2E-02 min to go.             
 LSF Trans( 5, 2),  21. Frequ. of  77: 7.0E-02 sec, 6.1E-02 min to go.             
 LSF Trans( 5, 2),  31. Frequ. of  77: 6.0E-02 sec, 5.0E-02 min to go.             
 LSF Trans( 5, 2),  41. Frequ. of  77: 6.0E-02 sec, 3.9E-02 min to go.             
 LSF Trans( 5, 2),  51. Frequ. of  77: 7.0E-02 sec, 2.8E-02 min to go.             
 LSF Trans( 5, 2),  61. Frequ. of  77: 7.0E-02 sec, 1.7E-02 min to go.             
 LSF Trans( 5, 2),  71. Frequ. of  77: 7.0E-02 sec, 6.5E-03 min to go.             
 LSF Trans( 5, 3),   1. Frequ. of  77: 6.0E-02 sec, 7.6E-02 min to go.  (IDEX = 10)
 LSF Trans( 5, 3),  11. Frequ. of  77: 6.0E-02 sec, 7.1E-02 min to go.             
 LSF Trans( 5, 3),  21. Frequ. of  77: 6.0E-02 sec, 6.0E-02 min to go.             
 LSF Trans( 5, 3),  31. Frequ. of  77: 7.0E-02 sec, 5.0E-02 min to go.             
 LSF Trans( 5, 3),  41. Frequ. of  77: 6.0E-02 sec, 3.9E-02 min to go.             
 LSF Trans( 5, 3),  51. Frequ. of  77: 7.0E-02 sec, 2.8E-02 min to go.             
 LSF Trans( 5, 3),  61. Frequ. of  77: 7.0E-02 sec, 1.7E-02 min to go.             
 LSF Trans( 5, 3),  71. Frequ. of  77: 7.0E-02 sec, 6.5E-03 min to go.             
 2014-Mar-25 11:20:56  #   4/11         Number Densities                
 2014-Mar-25 11:20:56  #   4/11         Restart Data                    
 2014-Mar-25 11:20:56  #   5/11         Damping Parameter               
 2014-Mar-25 11:20:56  #   5/11   1/ 1  Line Source Functions           
 LSF Trans( 4, 1),   1. Frequ. of  77: 7.0E-02 sec, 8.9E-02 min to go.  (IDEX = 10)
 LSF Trans( 4, 1),  11. Frequ. of  77: 6.0E-02 sec, 7.1E-02 min to go.             
 LSF Trans( 4, 1),  21. Frequ. of  77: 6.0E-02 sec, 6.0E-02 min to go.             
 LSF Trans( 4, 1),  31. Frequ. of  77: 6.0E-02 sec, 4.9E-02 min to go.             
 LSF Trans( 4, 1),  41. Frequ. of  77: 6.0E-02 sec, 3.9E-02 min to go.             
 LSF Trans( 4, 1),  51. Frequ. of  77: 6.0E-02 sec, 2.8E-02 min to go.             
 LSF Trans( 4, 1),  61. Frequ. of  77: 6.0E-02 sec, 1.7E-02 min to go.             
 LSF Trans( 4, 1),  71. Frequ. of  77: 6.0E-02 sec, 6.5E-03 min to go.             
 LSF Trans( 4, 2),   1. Frequ. of  79: 7.0E-02 sec, 9.1E-02 min to go.  (IDEX = 10)
 LSF Trans( 4, 2),  11. Frequ. of  79: 7.0E-02 sec, 7.4E-02 min to go.             
 LSF Trans( 4, 2),  21. Frequ. of  79: 7.0E-02 sec, 6.3E-02 min to go.             
 LSF Trans( 4, 2),  31. Frequ. of  79: 6.0E-02 sec, 5.2E-02 min to go.             
 LSF Trans( 4, 2),  41. Frequ. of  79: 6.0E-02 sec, 4.1E-02 min to go.             
 LSF Trans( 4, 2),  51. Frequ. of  79: 7.0E-02 sec, 3.0E-02 min to go.             
 LSF Trans( 4, 2),  61. Frequ. of  79: 7.0E-02 sec, 2.0E-02 min to go.             
 LSF Trans( 4, 2),  71. Frequ. of  79: 7.0E-02 sec, 8.7E-03 min to go.             
 LSF Trans( 5, 1),   1. Frequ. of  77: 6.0E-02 sec, 7.6E-02 min to go.  (IDEX = 10)
 LSF Trans( 5, 1),  11. Frequ. of  77: 6.0E-02 sec, 7.1E-02 min to go.             
 LSF Trans( 5, 1),  21. Frequ. of  77: 7.0E-02 sec, 6.0E-02 min to go.             
 LSF Trans( 5, 1),  31. Frequ. of  77: 7.0E-02 sec, 4.9E-02 min to go.             
 LSF Trans( 5, 1),  41. Frequ. of  77: 7.0E-02 sec, 3.9E-02 min to go.             
 LSF Trans( 5, 1),  51. Frequ. of  77: 7.0E-02 sec, 2.8E-02 min to go.             
 LSF Trans( 5, 1),  61. Frequ. of  77: 6.0E-02 sec, 1.7E-02 min to go.             
 LSF Trans( 5, 1),  71. Frequ. of  77: 7.0E-02 sec, 6.5E-03 min to go.             
 LSF Trans( 5, 2),   1. Frequ. of  77: 7.0E-02 sec, 8.9E-02 min to go.  (IDEX = 10)
 LSF Trans( 5, 2),  11. Frequ. of  77: 7.0E-02 sec, 7.2E-02 min to go.             
 LSF Trans( 5, 2),  21. Frequ. of  77: 7.0E-02 sec, 6.1E-02 min to go.             
 LSF Trans( 5, 2),  31. Frequ. of  77: 6.0E-02 sec, 5.0E-02 min to go.             
 LSF Trans( 5, 2),  41. Frequ. of  77: 6.0E-02 sec, 3.9E-02 min to go.             
 LSF Trans( 5, 2),  51. Frequ. of  77: 6.0E-02 sec, 2.8E-02 min to go.             
 LSF Trans( 5, 2),  61. Frequ. of  77: 7.0E-02 sec, 1.7E-02 min to go.             
 LSF Trans( 5, 2),  71. Frequ. of  77: 6.0E-02 sec, 6.5E-03 min to go.             
 LSF Trans( 5, 3),   1. Frequ. of  77: 6.0E-02 sec, 7.6E-02 min to go.  (IDEX = 10)
 LSF Trans( 5, 3),  11. Frequ. of  77: 6.0E-02 sec, 7.1E-02 min to go.             
 LSF Trans( 5, 3),  21. Frequ. of  77: 6.0E-02 sec, 6.0E-02 min to go.             
 LSF Trans( 5, 3),  31. Frequ. of  77: 6.0E-02 sec, 4.9E-02 min to go.             
 LSF Trans( 5, 3),  41. Frequ. of  77: 6.0E-02 sec, 3.9E-02 min to go.             
 LSF Trans( 5, 3),  51. Frequ. of  77: 7.0E-02 sec, 2.8E-02 min to go.             
 LSF Trans( 5, 3),  61. Frequ. of  77: 7.0E-02 sec, 1.7E-02 min to go.             
 LSF Trans( 5, 3),  71. Frequ. of  77: 6.0E-02 sec, 6.5E-03 min to go.             
 2014-Mar-25 11:21:24  #   5/11         Number Densities                
 2014-Mar-25 11:21:24  #   5/11         Restart Data                    
 2014-Mar-25 11:21:24  #   6/11         Damping Parameter               
 2014-Mar-25 11:21:24  #   6/11   1/ 1  Line Source Functions           
 LSF Trans( 4, 1),   1. Frequ. of  77: 7.0E-02 sec, 8.9E-02 min to go.  (IDEX = 10)
 LSF Trans( 4, 1),  11. Frequ. of  77: 6.0E-02 sec, 7.1E-02 min to go.             
 LSF Trans( 4, 1),  21. Frequ. of  77: 7.0E-02 sec, 6.0E-02 min to go.             
 LSF Trans( 4, 1),  31. Frequ. of  77: 6.0E-02 sec, 4.9E-02 min to go.             
 LSF Trans( 4, 1),  41. Frequ. of  77: 7.0E-02 sec, 3.9E-02 min to go.             
 LSF Trans( 4, 1),  51. Frequ. of  77: 6.0E-02 sec, 2.8E-02 min to go.             
 LSF Trans( 4, 1),  61. Frequ. of  77: 7.0E-02 sec, 1.7E-02 min to go.             
 LSF Trans( 4, 1),  71. Frequ. of  77: 6.0E-02 sec, 6.4E-03 min to go.             
 LSF Trans( 4, 2),   1. Frequ. of  79: 6.0E-02 sec, 7.8E-02 min to go.  (IDEX = 10)
 LSF Trans( 4, 2),  11. Frequ. of  79: 6.0E-02 sec, 7.3E-02 min to go.             
 LSF Trans( 4, 2),  21. Frequ. of  79: 6.0E-02 sec, 6.3E-02 min to go.             
 LSF Trans( 4, 2),  31. Frequ. of  79: 7.0E-02 sec, 5.2E-02 min to go.             
 LSF Trans( 4, 2),  41. Frequ. of  79: 7.0E-02 sec, 4.1E-02 min to go.             
 LSF Trans( 4, 2),  51. Frequ. of  79: 6.0E-02 sec, 3.0E-02 min to go.             
 LSF Trans( 4, 2),  61. Frequ. of  79: 7.0E-02 sec, 1.9E-02 min to go.             
 LSF Trans( 4, 2),  71. Frequ. of  79: 7.0E-02 sec, 8.7E-03 min to go.             
 LSF Trans( 5, 1),   1. Frequ. of  77: 6.0E-02 sec, 7.6E-02 min to go.  (IDEX = 10)
 LSF Trans( 5, 1),  11. Frequ. of  77: 6.0E-02 sec, 7.1E-02 min to go.             
 LSF Trans( 5, 1),  21. Frequ. of  77: 7.0E-02 sec, 6.0E-02 min to go.             
 LSF Trans( 5, 1),  31. Frequ. of  77: 7.0E-02 sec, 4.9E-02 min to go.             
 LSF Trans( 5, 1),  41. Frequ. of  77: 7.0E-02 sec, 3.9E-02 min to go.             
 LSF Trans( 5, 1),  51. Frequ. of  77: 6.0E-02 sec, 2.8E-02 min to go.             
 LSF Trans( 5, 1),  61. Frequ. of  77: 6.0E-02 sec, 1.7E-02 min to go.             
 LSF Trans( 5, 1),  71. Frequ. of  77: 6.0E-02 sec, 6.5E-03 min to go.             
 LSF Trans( 5, 2),   1. Frequ. of  77: 7.0E-02 sec, 8.9E-02 min to go.  (IDEX = 10)
 LSF Trans( 5, 2),  11. Frequ. of  77: 7.0E-02 sec, 7.2E-02 min to go.             
 LSF Trans( 5, 2),  21. Frequ. of  77: 7.0E-02 sec, 6.1E-02 min to go.             
 LSF Trans( 5, 2),  31. Frequ. of  77: 7.0E-02 sec, 5.0E-02 min to go.             
 LSF Trans( 5, 2),  41. Frequ. of  77: 7.0E-02 sec, 3.9E-02 min to go.             
 LSF Trans( 5, 2),  51. Frequ. of  77: 7.0E-02 sec, 2.8E-02 min to go.             
 LSF Trans( 5, 2),  61. Frequ. of  77: 6.0E-02 sec, 1.7E-02 min to go.             
 LSF Trans( 5, 2),  71. Frequ. of  77: 7.0E-02 sec, 6.5E-03 min to go.             
 LSF Trans( 5, 3),   1. Frequ. of  77: 6.0E-02 sec, 7.6E-02 min to go.  (IDEX = 10)
 LSF Trans( 5, 3),  11. Frequ. of  77: 6.0E-02 sec, 7.1E-02 min to go.             
 LSF Trans( 5, 3),  21. Frequ. of  77: 6.0E-02 sec, 6.0E-02 min to go.             
 LSF Trans( 5, 3),  31. Frequ. of  77: 7.0E-02 sec, 5.0E-02 min to go.             
 LSF Trans( 5, 3),  41. Frequ. of  77: 6.0E-02 sec, 3.9E-02 min to go.             
 LSF Trans( 5, 3),  51. Frequ. of  77: 6.0E-02 sec, 2.8E-02 min to go.             
 LSF Trans( 5, 3),  61. Frequ. of  77: 7.0E-02 sec, 1.7E-02 min to go.             
 LSF Trans( 5, 3),  71. Frequ. of  77: 6.0E-02 sec, 6.5E-03 min to go.             
 2014-Mar-25 11:21:53  #   6/11         Number Densities                
 2014-Mar-25 11:21:53  #   6/11         Restart Data                    
 2014-Mar-25 11:21:53  #   7/11         Damping Parameter               
 2014-Mar-25 11:21:53  #   7/11   1/ 1  Line Source Functions           
 LSF Trans( 4, 1),   1. Frequ. of  77: 6.0E-02 sec, 7.6E-02 min to go.  (IDEX = 10)
 LSF Trans( 4, 1),  11. Frequ. of  77: 7.0E-02 sec, 7.1E-02 min to go.             
 LSF Trans( 4, 1),  21. Frequ. of  77: 6.0E-02 sec, 6.0E-02 min to go.             
 LSF Trans( 4, 1),  31. Frequ. of  77: 6.0E-02 sec, 4.9E-02 min to go.             
 LSF Trans( 4, 1),  41. Frequ. of  77: 6.0E-02 sec, 3.8E-02 min to go.             
 LSF Trans( 4, 1),  51. Frequ. of  77: 6.0E-02 sec, 2.8E-02 min to go.             
 LSF Trans( 4, 1),  61. Frequ. of  77: 7.0E-02 sec, 1.7E-02 min to go.             
 LSF Trans( 4, 1),  71. Frequ. of  77: 7.0E-02 sec, 6.4E-03 min to go.             
 LSF Trans( 4, 2),   1. Frequ. of  79: 6.0E-02 sec, 7.8E-02 min to go.  (IDEX = 10)
 LSF Trans( 4, 2),  11. Frequ. of  79: 6.0E-02 sec, 7.3E-02 min to go.             
 LSF Trans( 4, 2),  21. Frequ. of  79: 6.0E-02 sec, 6.3E-02 min to go.             
 LSF Trans( 4, 2),  31. Frequ. of  79: 7.0E-02 sec, 5.2E-02 min to go.             
 LSF Trans( 4, 2),  41. Frequ. of  79: 6.0E-02 sec, 4.1E-02 min to go.             
 LSF Trans( 4, 2),  51. Frequ. of  79: 7.0E-02 sec, 3.0E-02 min to go.             
 LSF Trans( 4, 2),  61. Frequ. of  79: 7.0E-02 sec, 1.9E-02 min to go.             
 LSF Trans( 4, 2),  71. Frequ. of  79: 7.0E-02 sec, 8.7E-03 min to go.             
 LSF Trans( 5, 1),   1. Frequ. of  77: 6.0E-02 sec, 7.6E-02 min to go.  (IDEX = 10)
 LSF Trans( 5, 1),  11. Frequ. of  77: 6.0E-02 sec, 7.1E-02 min to go.             
 LSF Trans( 5, 1),  21. Frequ. of  77: 7.0E-02 sec, 6.0E-02 min to go.             
 LSF Trans( 5, 1),  31. Frequ. of  77: 7.0E-02 sec, 4.9E-02 min to go.             
 LSF Trans( 5, 1),  41. Frequ. of  77: 7.0E-02 sec, 3.9E-02 min to go.             
 LSF Trans( 5, 1),  51. Frequ. of  77: 6.0E-02 sec, 2.8E-02 min to go.             
 LSF Trans( 5, 1),  61. Frequ. of  77: 6.0E-02 sec, 1.7E-02 min to go.             
 LSF Trans( 5, 1),  71. Frequ. of  77: 6.0E-02 sec, 6.5E-03 min to go.             
 LSF Trans( 5, 2),   1. Frequ. of  77: 6.0E-02 sec, 7.6E-02 min to go.  (IDEX = 10)
 LSF Trans( 5, 2),  11. Frequ. of  77: 7.0E-02 sec, 7.2E-02 min to go.             
 LSF Trans( 5, 2),  21. Frequ. of  77: 7.0E-02 sec, 6.2E-02 min to go.             
 LSF Trans( 5, 2),  31. Frequ. of  77: 7.0E-02 sec, 5.1E-02 min to go.             
 LSF Trans( 5, 2),  41. Frequ. of  77: 7.0E-02 sec, 4.0E-02 min to go.             
 LSF Trans( 5, 2),  51. Frequ. of  77: 6.0E-02 sec, 2.9E-02 min to go.             
 LSF Trans( 5, 2),  61. Frequ. of  77: 7.0E-02 sec, 1.8E-02 min to go.             
 LSF Trans( 5, 2),  71. Frequ. of  77: 7.0E-02 sec, 6.7E-03 min to go.             
 LSF Trans( 5, 3),   1. Frequ. of  77: 6.0E-02 sec, 7.6E-02 min to go.  (IDEX = 10)
 LSF Trans( 5, 3),  11. Frequ. of  77: 6.0E-02 sec, 7.1E-02 min to go.             
 LSF Trans( 5, 3),  21. Frequ. of  77: 6.0E-02 sec, 6.0E-02 min to go.             
 LSF Trans( 5, 3),  31. Frequ. of  77: 6.0E-02 sec, 4.9E-02 min to go.             
 LSF Trans( 5, 3),  41. Frequ. of  77: 6.0E-02 sec, 3.9E-02 min to go.             
 LSF Trans( 5, 3),  51. Frequ. of  77: 7.0E-02 sec, 2.8E-02 min to go.             
 LSF Trans( 5, 3),  61. Frequ. of  77: 7.0E-02 sec, 1.7E-02 min to go.             
 LSF Trans( 5, 3),  71. Frequ. of  77: 6.0E-02 sec, 6.5E-03 min to go.             
 2014-Mar-25 11:22:22  #   7/11         Number Densities                
 2014-Mar-25 11:22:22  #   7/11         Restart Data                    
 2014-Mar-25 11:22:22  #   8/11         Damping Parameter               
 2014-Mar-25 11:22:22  #   8/11   1/ 1  Line Source Functions           
 LSF Trans( 4, 1),   1. Frequ. of  77: 7.0E-02 sec, 8.9E-02 min to go.  (IDEX = 10)
 LSF Trans( 4, 1),  11. Frequ. of  77: 7.0E-02 sec, 7.2E-02 min to go.             
 LSF Trans( 4, 1),  21. Frequ. of  77: 6.0E-02 sec, 6.0E-02 min to go.             
 LSF Trans( 4, 1),  31. Frequ. of  77: 6.0E-02 sec, 4.9E-02 min to go.             
 LSF Trans( 4, 1),  41. Frequ. of  77: 6.0E-02 sec, 3.9E-02 min to go.             
 LSF Trans( 4, 1),  51. Frequ. of  77: 7.0E-02 sec, 2.8E-02 min to go.             
 LSF Trans( 4, 1),  61. Frequ. of  77: 6.0E-02 sec, 1.7E-02 min to go.             
 LSF Trans( 4, 1),  71. Frequ. of  77: 7.0E-02 sec, 6.5E-03 min to go.             
 LSF Trans( 4, 2),   1. Frequ. of  79: 6.0E-02 sec, 7.8E-02 min to go.  (IDEX = 10)
 LSF Trans( 4, 2),  11. Frequ. of  79: 6.0E-02 sec, 7.3E-02 min to go.             
 LSF Trans( 4, 2),  21. Frequ. of  79: 6.0E-02 sec, 6.3E-02 min to go.             
 LSF Trans( 4, 2),  31. Frequ. of  79: 7.0E-02 sec, 5.2E-02 min to go.             
 LSF Trans( 4, 2),  41. Frequ. of  79: 6.0E-02 sec, 4.1E-02 min to go.             
 LSF Trans( 4, 2),  51. Frequ. of  79: 7.0E-02 sec, 3.0E-02 min to go.             
 LSF Trans( 4, 2),  61. Frequ. of  79: 6.0E-02 sec, 1.9E-02 min to go.             
 LSF Trans( 4, 2),  71. Frequ. of  79: 7.0E-02 sec, 8.6E-03 min to go.             
 LSF Trans( 5, 1),   1. Frequ. of  77: 7.0E-02 sec, 8.9E-02 min to go.  (IDEX = 10)
 LSF Trans( 5, 1),  11. Frequ. of  77: 6.0E-02 sec, 7.1E-02 min to go.             
 LSF Trans( 5, 1),  21. Frequ. of  77: 7.0E-02 sec, 6.0E-02 min to go.             
 LSF Trans( 5, 1),  31. Frequ. of  77: 7.0E-02 sec, 4.9E-02 min to go.             
 LSF Trans( 5, 1),  41. Frequ. of  77: 7.0E-02 sec, 3.9E-02 min to go.             
 LSF Trans( 5, 1),  51. Frequ. of  77: 7.0E-02 sec, 2.8E-02 min to go.             
 LSF Trans( 5, 1),  61. Frequ. of  77: 6.0E-02 sec, 1.7E-02 min to go.             
 LSF Trans( 5, 1),  71. Frequ. of  77: 7.0E-02 sec, 6.5E-03 min to go.             
 LSF Trans( 5, 2),   1. Frequ. of  77: 7.0E-02 sec, 8.9E-02 min to go.  (IDEX = 10)
 LSF Trans( 5, 2),  11. Frequ. of  77: 6.0E-02 sec, 7.1E-02 min to go.             
 LSF Trans( 5, 2),  21. Frequ. of  77: 6.0E-02 sec, 6.0E-02 min to go.             
 LSF Trans( 5, 2),  31. Frequ. of  77: 6.0E-02 sec, 5.0E-02 min to go.             
 LSF Trans( 5, 2),  41. Frequ. of  77: 6.0E-02 sec, 3.9E-02 min to go.             
 LSF Trans( 5, 2),  51. Frequ. of  77: 6.0E-02 sec, 2.8E-02 min to go.             
 LSF Trans( 5, 2),  61. Frequ. of  77: 7.0E-02 sec, 1.7E-02 min to go.             
 LSF Trans( 5, 2),  71. Frequ. of  77: 6.0E-02 sec, 6.5E-03 min to go.             
 LSF Trans( 5, 3),   1. Frequ. of  77: 7.0E-02 sec, 8.9E-02 min to go.  (IDEX = 10)
 LSF Trans( 5, 3),  11. Frequ. of  77: 6.0E-02 sec, 7.1E-02 min to go.             
 LSF Trans( 5, 3),  21. Frequ. of  77: 6.0E-02 sec, 6.0E-02 min to go.             
 LSF Trans( 5, 3),  31. Frequ. of  77: 7.0E-02 sec, 5.0E-02 min to go.             
 LSF Trans( 5, 3),  41. Frequ. of  77: 7.0E-02 sec, 3.9E-02 min to go.             
 LSF Trans( 5, 3),  51. Frequ. of  77: 7.0E-02 sec, 2.8E-02 min to go.             
 LSF Trans( 5, 3),  61. Frequ. of  77: 6.0E-02 sec, 1.7E-02 min to go.             
 LSF Trans( 5, 3),  71. Frequ. of  77: 7.0E-02 sec, 6.5E-03 min to go.             
 2014-Mar-25 11:22:51  #   8/11         Number Densities                
 2014-Mar-25 11:22:51  #   8/11         Restart Data                    
 2014-Mar-25 11:22:51  #   9/11         Damping Parameter               
 2014-Mar-25 11:22:51  #   9/11   1/ 1  Line Source Functions           
 LSF Trans( 4, 1),   1. Frequ. of  77: 6.0E-02 sec, 7.6E-02 min to go.  (IDEX = 10)
 LSF Trans( 4, 1),  11. Frequ. of  77: 7.0E-02 sec, 7.1E-02 min to go.             
 LSF Trans( 4, 1),  21. Frequ. of  77: 6.0E-02 sec, 6.0E-02 min to go.             
 LSF Trans( 4, 1),  31. Frequ. of  77: 6.0E-02 sec, 4.9E-02 min to go.             
 LSF Trans( 4, 1),  41. Frequ. of  77: 6.0E-02 sec, 3.8E-02 min to go.             
 LSF Trans( 4, 1),  51. Frequ. of  77: 7.0E-02 sec, 2.8E-02 min to go.             
 LSF Trans( 4, 1),  61. Frequ. of  77: 6.0E-02 sec, 1.7E-02 min to go.             
 LSF Trans( 4, 1),  71. Frequ. of  77: 6.0E-02 sec, 6.4E-03 min to go.             
 LSF Trans( 4, 2),   1. Frequ. of  79: 7.0E-02 sec, 9.1E-02 min to go.  (IDEX = 10)
 LSF Trans( 4, 2),  11. Frequ. of  79: 7.0E-02 sec, 7.4E-02 min to go.             
 LSF Trans( 4, 2),  21. Frequ. of  79: 7.0E-02 sec, 6.3E-02 min to go.             
 LSF Trans( 4, 2),  31. Frequ. of  79: 6.0E-02 sec, 5.2E-02 min to go.             
 LSF Trans( 4, 2),  41. Frequ. of  79: 6.0E-02 sec, 4.1E-02 min to go.             
 LSF Trans( 4, 2),  51. Frequ. of  79: 6.0E-02 sec, 3.0E-02 min to go.             
 LSF Trans( 4, 2),  61. Frequ. of  79: 6.0E-02 sec, 1.9E-02 min to go.             
 LSF Trans( 4, 2),  71. Frequ. of  79: 6.0E-02 sec, 8.6E-03 min to go.             
 LSF Trans( 5, 1),   1. Frequ. of  77: 6.0E-02 sec, 7.6E-02 min to go.  (IDEX = 10)
 LSF Trans( 5, 1),  11. Frequ. of  77: 7.0E-02 sec, 7.1E-02 min to go.             
 LSF Trans( 5, 1),  21. Frequ. of  77: 6.0E-02 sec, 6.0E-02 min to go.             
 LSF Trans( 5, 1),  31. Frequ. of  77: 6.0E-02 sec, 4.9E-02 min to go.             
 LSF Trans( 5, 1),  41. Frequ. of  77: 6.0E-02 sec, 3.8E-02 min to go.             
 LSF Trans( 5, 1),  51. Frequ. of  77: 7.0E-02 sec, 2.8E-02 min to go.             
 LSF Trans( 5, 1),  61. Frequ. of  77: 7.0E-02 sec, 1.7E-02 min to go.             
 LSF Trans( 5, 1),  71. Frequ. of  77: 6.0E-02 sec, 6.5E-03 min to go.             
 LSF Trans( 5, 2),   1. Frequ. of  77: 6.0E-02 sec, 7.6E-02 min to go.  (IDEX = 10)
 LSF Trans( 5, 2),  11. Frequ. of  77: 6.0E-02 sec, 7.1E-02 min to go.             
 LSF Trans( 5, 2),  21. Frequ. of  77: 6.0E-02 sec, 6.0E-02 min to go.             
 LSF Trans( 5, 2),  31. Frequ. of  77: 6.0E-02 sec, 5.0E-02 min to go.             
 LSF Trans( 5, 2),  41. Frequ. of  77: 6.0E-02 sec, 3.9E-02 min to go.             
 LSF Trans( 5, 2),  51. Frequ. of  77: 7.0E-02 sec, 2.8E-02 min to go.             
 LSF Trans( 5, 2),  61. Frequ. of  77: 6.0E-02 sec, 1.7E-02 min to go.             
 LSF Trans( 5, 2),  71. Frequ. of  77: 7.0E-02 sec, 6.5E-03 min to go.             
 LSF Trans( 5, 3),   1. Frequ. of  77: 6.0E-02 sec, 7.6E-02 min to go.  (IDEX = 10)
 LSF Trans( 5, 3),  11. Frequ. of  77: 7.0E-02 sec, 7.1E-02 min to go.             
 LSF Trans( 5, 3),  21. Frequ. of  77: 7.0E-02 sec, 6.0E-02 min to go.             
 LSF Trans( 5, 3),  31. Frequ. of  77: 6.0E-02 sec, 4.9E-02 min to go.             
 LSF Trans( 5, 3),  41. Frequ. of  77: 6.0E-02 sec, 3.9E-02 min to go.             
 LSF Trans( 5, 3),  51. Frequ. of  77: 6.0E-02 sec, 2.8E-02 min to go.             
 LSF Trans( 5, 3),  61. Frequ. of  77: 6.0E-02 sec, 1.7E-02 min to go.             
 LSF Trans( 5, 3),  71. Frequ. of  77: 6.0E-02 sec, 6.5E-03 min to go.             
 2014-Mar-25 11:23:19  #   9/11         Number Densities                
 2014-Mar-25 11:23:19  #   9/11         Restart Data                    
 2014-Mar-25 11:23:19  #  10/11         Damping Parameter               
 2014-Mar-25 11:23:19  #  10/11   1/ 1  Line Source Functions           
 LSF Trans( 4, 1),   1. Frequ. of  77: 6.0E-02 sec, 7.6E-02 min to go.  (IDEX = 10)
 LSF Trans( 4, 1),  11. Frequ. of  77: 7.0E-02 sec, 7.1E-02 min to go.             
 LSF Trans( 4, 1),  21. Frequ. of  77: 6.0E-02 sec, 6.0E-02 min to go.             
 LSF Trans( 4, 1),  31. Frequ. of  77: 7.0E-02 sec, 4.9E-02 min to go.             
 LSF Trans( 4, 1),  41. Frequ. of  77: 6.0E-02 sec, 3.8E-02 min to go.             
 LSF Trans( 4, 1),  51. Frequ. of  77: 6.0E-02 sec, 2.8E-02 min to go.             
 LSF Trans( 4, 1),  61. Frequ. of  77: 7.0E-02 sec, 1.7E-02 min to go.             
 LSF Trans( 4, 1),  71. Frequ. of  77: 7.0E-02 sec, 6.4E-03 min to go.             
 LSF Trans( 4, 2),   1. Frequ. of  79: 7.0E-02 sec, 9.1E-02 min to go.  (IDEX = 10)
 LSF Trans( 4, 2),  11. Frequ. of  79: 7.0E-02 sec, 7.4E-02 min to go.             
 LSF Trans( 4, 2),  21. Frequ. of  79: 6.0E-02 sec, 6.3E-02 min to go.             
 LSF Trans( 4, 2),  31. Frequ. of  79: 7.0E-02 sec, 5.2E-02 min to go.             
 LSF Trans( 4, 2),  41. Frequ. of  79: 7.0E-02 sec, 4.1E-02 min to go.             
 LSF Trans( 4, 2),  51. Frequ. of  79: 6.0E-02 sec, 3.0E-02 min to go.             
 LSF Trans( 4, 2),  61. Frequ. of  79: 6.0E-02 sec, 1.9E-02 min to go.             
 LSF Trans( 4, 2),  71. Frequ. of  79: 6.0E-02 sec, 8.6E-03 min to go.             
 LSF Trans( 5, 1),   1. Frequ. of  77: 6.0E-02 sec, 7.6E-02 min to go.  (IDEX = 10)
 LSF Trans( 5, 1),  11. Frequ. of  77: 6.0E-02 sec, 7.1E-02 min to go.             
 LSF Trans( 5, 1),  21. Frequ. of  77: 7.0E-02 sec, 6.0E-02 min to go.             
 LSF Trans( 5, 1),  31. Frequ. of  77: 7.0E-02 sec, 4.9E-02 min to go.             
 LSF Trans( 5, 1),  41. Frequ. of  77: 7.0E-02 sec, 3.9E-02 min to go.             
 LSF Trans( 5, 1),  51. Frequ. of  77: 6.0E-02 sec, 2.8E-02 min to go.             
 LSF Trans( 5, 1),  61. Frequ. of  77: 6.0E-02 sec, 1.7E-02 min to go.             
 LSF Trans( 5, 1),  71. Frequ. of  77: 7.0E-02 sec, 6.4E-03 min to go.             
 LSF Trans( 5, 2),   1. Frequ. of  77: 7.0E-02 sec, 8.9E-02 min to go.  (IDEX = 10)
 LSF Trans( 5, 2),  11. Frequ. of  77: 6.0E-02 sec, 7.1E-02 min to go.             
 LSF Trans( 5, 2),  21. Frequ. of  77: 7.0E-02 sec, 6.1E-02 min to go.             
 LSF Trans( 5, 2),  31. Frequ. of  77: 6.0E-02 sec, 5.0E-02 min to go.             
 LSF Trans( 5, 2),  41. Frequ. of  77: 6.0E-02 sec, 3.9E-02 min to go.             
 LSF Trans( 5, 2),  51. Frequ. of  77: 7.0E-02 sec, 2.8E-02 min to go.             
 LSF Trans( 5, 2),  61. Frequ. of  77: 7.0E-02 sec, 1.7E-02 min to go.             
 LSF Trans( 5, 2),  71. Frequ. of  77: 7.0E-02 sec, 6.5E-03 min to go.             
 LSF Trans( 5, 3),   1. Frequ. of  77: 6.0E-02 sec, 7.6E-02 min to go.  (IDEX = 10)
 LSF Trans( 5, 3),  11. Frequ. of  77: 7.0E-02 sec, 7.1E-02 min to go.             
 LSF Trans( 5, 3),  21. Frequ. of  77: 7.0E-02 sec, 6.0E-02 min to go.             
 LSF Trans( 5, 3),  31. Frequ. of  77: 6.0E-02 sec, 4.9E-02 min to go.             
 LSF Trans( 5, 3),  41. Frequ. of  77: 6.0E-02 sec, 3.9E-02 min to go.             
 LSF Trans( 5, 3),  51. Frequ. of  77: 6.0E-02 sec, 2.8E-02 min to go.             
 LSF Trans( 5, 3),  61. Frequ. of  77: 6.0E-02 sec, 1.7E-02 min to go.             
 LSF Trans( 5, 3),  71. Frequ. of  77: 6.0E-02 sec, 6.5E-03 min to go.             
 2014-Mar-25 11:23:48  #  10/11         Number Densities                
 2014-Mar-25 11:23:48  #  10/11         Restart Data                    
 2014-Mar-25 11:23:48  #  11/11         Damping Parameter               
 2014-Mar-25 11:23:48  #  11/11   1/ 1  Line Source Functions           
 LSF Trans( 4, 1),   1. Frequ. of  77: 6.0E-02 sec, 7.6E-02 min to go.  (IDEX = 10)
 LSF Trans( 4, 1),  11. Frequ. of  77: 7.0E-02 sec, 7.1E-02 min to go.             
 LSF Trans( 4, 1),  21. Frequ. of  77: 6.0E-02 sec, 6.0E-02 min to go.             
 LSF Trans( 4, 1),  31. Frequ. of  77: 6.0E-02 sec, 4.9E-02 min to go.             
 LSF Trans( 4, 1),  41. Frequ. of  77: 6.0E-02 sec, 3.8E-02 min to go.             
 LSF Trans( 4, 1),  51. Frequ. of  77: 6.0E-02 sec, 2.8E-02 min to go.             
 LSF Trans( 4, 1),  61. Frequ. of  77: 7.0E-02 sec, 1.7E-02 min to go.             
 LSF Trans( 4, 1),  71. Frequ. of  77: 7.0E-02 sec, 6.4E-03 min to go.             
 LSF Trans( 4, 2),   1. Frequ. of  79: 6.0E-02 sec, 7.8E-02 min to go.  (IDEX = 10)
 LSF Trans( 4, 2),  11. Frequ. of  79: 6.0E-02 sec, 7.3E-02 min to go.             
 LSF Trans( 4, 2),  21. Frequ. of  79: 6.0E-02 sec, 6.3E-02 min to go.             
 LSF Trans( 4, 2),  31. Frequ. of  79: 7.0E-02 sec, 5.2E-02 min to go.             
 LSF Trans( 4, 2),  41. Frequ. of  79: 7.0E-02 sec, 4.1E-02 min to go.             
 LSF Trans( 4, 2),  51. Frequ. of  79: 7.0E-02 sec, 3.0E-02 min to go.             
 LSF Trans( 4, 2),  61. Frequ. of  79: 6.0E-02 sec, 1.9E-02 min to go.             
 LSF Trans( 4, 2),  71. Frequ. of  79: 6.0E-02 sec, 8.6E-03 min to go.             
 LSF Trans( 5, 1),   1. Frequ. of  77: 7.0E-02 sec, 8.9E-02 min to go.  (IDEX = 10)
 LSF Trans( 5, 1),  11. Frequ. of  77: 6.0E-02 sec, 7.1E-02 min to go.             
 LSF Trans( 5, 1),  21. Frequ. of  77: 6.0E-02 sec, 6.0E-02 min to go.             
 LSF Trans( 5, 1),  31. Frequ. of  77: 6.0E-02 sec, 4.9E-02 min to go.             
 LSF Trans( 5, 1),  41. Frequ. of  77: 6.0E-02 sec, 3.9E-02 min to go.             
 LSF Trans( 5, 1),  51. Frequ. of  77: 6.0E-02 sec, 2.8E-02 min to go.             
 LSF Trans( 5, 1),  61. Frequ. of  77: 6.0E-02 sec, 1.7E-02 min to go.             
 LSF Trans( 5, 1),  71. Frequ. of  77: 7.0E-02 sec, 6.5E-03 min to go.             
 LSF Trans( 5, 2),   1. Frequ. of  77: 6.0E-02 sec, 7.6E-02 min to go.  (IDEX = 10)
 LSF Trans( 5, 2),  11. Frequ. of  77: 7.0E-02 sec, 7.1E-02 min to go.             
 LSF Trans( 5, 2),  21. Frequ. of  77: 6.0E-02 sec, 6.0E-02 min to go.             
 LSF Trans( 5, 2),  31. Frequ. of  77: 7.0E-02 sec, 5.0E-02 min to go.             
 LSF Trans( 5, 2),  41. Frequ. of  77: 7.0E-02 sec, 3.9E-02 min to go.             
 LSF Trans( 5, 2),  51. Frequ. of  77: 6.0E-02 sec, 2.8E-02 min to go.             
 LSF Trans( 5, 2),  61. Frequ. of  77: 6.0E-02 sec, 1.7E-02 min to go.             
 LSF Trans( 5, 2),  71. Frequ. of  77: 7.0E-02 sec, 6.5E-03 min to go.             
 LSF Trans( 5, 3),   1. Frequ. of  77: 6.0E-02 sec, 7.6E-02 min to go.  (IDEX = 10)
 LSF Trans( 5, 3),  11. Frequ. of  77: 6.0E-02 sec, 7.1E-02 min to go.             
 LSF Trans( 5, 3),  21. Frequ. of  77: 6.0E-02 sec, 6.0E-02 min to go.             
 LSF Trans( 5, 3),  31. Frequ. of  77: 7.0E-02 sec, 5.0E-02 min to go.             
 LSF Trans( 5, 3),  41. Frequ. of  77: 7.0E-02 sec, 3.9E-02 min to go.             
 LSF Trans( 5, 3),  51. Frequ. of  77: 7.0E-02 sec, 2.8E-02 min to go.             
 LSF Trans( 5, 3),  61. Frequ. of  77: 6.0E-02 sec, 1.7E-02 min to go.             
 LSF Trans( 5, 3),  71. Frequ. of  77: 7.0E-02 sec, 6.5E-03 min to go.             
 2014-Mar-25 11:24:17  #  11/11         Number Densities                
 2014-Mar-25 11:24:17  #  11/11         Restart Data                    
 2014-Mar-25 11:24:17  #                Line Post-Processing            
 2014-Mar-25 11:24:17  #                Continuum Calculations          
 2014-Mar-25 11:24:26  #                Continuum Summary               
 2014-Mar-25 11:24:28  #                Iterations Summaries            
 2014-Mar-25 11:24:28  #                Line Emission                   
2014-Mar-25 LEID     CA2 ; itr  11  1(0); n,nl,nt  72    5    5; sec     352; ela  0:06:19; vrsn 78.018; cpu menfin             
+ Tue Mar 25 11:24:31 EDT 2014 bin/pandora.x completed, exit status=0
ouput files:
-rw-r----- 1 sylvain sylvain  368018 Mar 25 11:24 ./leidca2.jrl.002
-rw-r----- 1 sylvain sylvain 1646850 Mar 25 11:24 ./leidca2.aaa.002
-rw-r----- 1 sylvain sylvain    7955 Mar 25 11:24 ./leidca2.aix.002
-rw-r----- 1 sylvain sylvain   44988 Mar 25 11:24 ./leidca2.rst.002
-rw-r----- 1 sylvain sylvain   13022 Mar 25 11:24 ./leidca2.msc.002
= Tue Mar 25 11:24:31 EDT 2014 done.
